[INFO] Scanning for projects...
[WARNING] The POM for org.jenkins-ci.tools:maven-hpi-plugin:jar:2.2 is missing, no dependency information available
[WARNING] Failed to build parent project for org.jenkins-ci.plugins:jira:hpi:3.0.5-SNAPSHOT
[INFO]                                                                         
[INFO] ------------------------------------------------------------------------
[INFO] Building Jenkins JIRA plugin 3.0.5-SNAPSHOT
[INFO] ------------------------------------------------------------------------
[INFO] 
[INFO] --- maven-hpi-plugin:2.2:validate (default-validate) @ jira ---
[INFO] 
[INFO] --- maven-enforcer-plugin:3.0.0-M1:display-info (display-info) @ jira ---
[INFO] Maven Version: 3.3.9
[INFO] JDK Version: 1.8.0_121 normalized as: 1.8.0-121
[INFO] OS Info: Arch: amd64 Family: unix Name: linux Version: 4.9.0-6-amd64
[INFO] 
[INFO] --- maven-enforcer-plugin:3.0.0-M1:enforce (display-info) @ jira ---
[INFO] Skipping Rule Enforcement.
[INFO] 
[INFO] --- jacoco-maven-plugin:0.8.1:prepare-agent (prepare-agent) @ jira ---
[INFO] argLine set to -javaagent:/root/./workspace/jenkinsci/jira-plugin/447254351/.m2/org/jacoco/org.jacoco.agent/0.8.1/org.jacoco.agent-0.8.1-runtime.jar=destfile=/root/workspace/jenkinsci/jira-plugin/447254351/target/jacoco.exec,excludes=hudson/plugins/jira/Messages*.class -Xmx768M -Djava.awt.headless=true
[INFO] 
[INFO] --- maven-localizer-plugin:1.24:generate (default) @ jira ---
[INFO] 
[INFO] --- gmaven-plugin:1.5-jenkins-3:generateStubs (default) @ jira ---
[INFO] No sources found for Java stub generation
[INFO] 
[INFO] >>> maven-javadoc-plugin:2.10.4:javadoc (default) > generate-sources @ jira >>>
[INFO] 
[INFO] --- maven-hpi-plugin:2.2:validate (default-validate) @ jira ---
[INFO] 
[INFO] --- maven-enforcer-plugin:3.0.0-M1:display-info (display-info) @ jira ---
[INFO] Maven Version: 3.3.9
[INFO] JDK Version: 1.8.0_121 normalized as: 1.8.0-121
[INFO] OS Info: Arch: amd64 Family: unix Name: linux Version: 4.9.0-6-amd64
[INFO] 
[INFO] --- maven-enforcer-plugin:3.0.0-M1:enforce (display-info) @ jira ---
[INFO] Skipping Rule Enforcement.
[INFO] 
[INFO] --- jacoco-maven-plugin:0.8.1:prepare-agent (prepare-agent) @ jira ---
[INFO] argLine set to -javaagent:/root/./workspace/jenkinsci/jira-plugin/447254351/.m2/org/jacoco/org.jacoco.agent/0.8.1/org.jacoco.agent-0.8.1-runtime.jar=destfile=/root/workspace/jenkinsci/jira-plugin/447254351/target/jacoco.exec,excludes=hudson/plugins/jira/Messages*.class -Xmx768M -Djava.awt.headless=true
[INFO] 
[INFO] --- maven-localizer-plugin:1.24:generate (default) @ jira ---
[INFO] 
[INFO] --- gmaven-plugin:1.5-jenkins-3:generateStubs (default) @ jira ---
[INFO] No sources found for Java stub generation
[INFO] 
[INFO] <<< maven-javadoc-plugin:2.10.4:javadoc (default) < generate-sources @ jira <<<
[INFO] 
[INFO] --- maven-javadoc-plugin:2.10.4:javadoc (default) @ jira ---
[INFO] 
[INFO] --- maven-resources-plugin:3.0.2:resources (default-resources) @ jira ---
[INFO] Using 'UTF-8' encoding to copy filtered resources.
[INFO] Copying 106 resources
[INFO] 
[INFO] --- maven-compiler-plugin:3.6.1:compile (default-compile) @ jira ---
[INFO] Nothing to compile - all classes are up to date
[INFO] 
[INFO] --- gmaven-plugin:1.5-jenkins-3:compile (default) @ jira ---
[INFO] No sources found to compile
[INFO] 
[INFO] --- access-modifier-checker:1.8:enforce (default-enforce) @ jira ---
[INFO] 
[INFO] --- animal-sniffer-maven-plugin:1.15:check (check) @ jira ---
[INFO] Resolved signature org.codehaus.mojo.signature:java18 version as 1.0 from dependencyManagement
[INFO] Checking unresolved references to org.codehaus.mojo.signature:java18:1.0
[INFO] 
[INFO] --- maven-hpi-plugin:2.2:insert-test (default-insert-test) @ jira ---
[INFO] 
[INFO] --- gmaven-plugin:1.5-jenkins-3:generateTestStubs (test-in-groovy) @ jira ---
[INFO] Generated 2 Java stubs
[INFO] 
[INFO] --- gmaven-plugin:1.5-jenkins-3:generateTestStubs (default) @ jira ---
[INFO] Generated 2 Java stubs
[INFO] 
[INFO] --- maven-resources-plugin:3.0.2:testResources (default-testResources) @ jira ---
[INFO] Using 'UTF-8' encoding to copy filtered resources.
[INFO] Copying 3 resources
[INFO] 
[INFO] --- maven-compiler-plugin:3.6.1:testCompile (default-testCompile) @ jira ---
[INFO] Nothing to compile - all classes are up to date
[INFO] 
[INFO] --- maven-hpi-plugin:2.2:test-hpl (default-test-hpl) @ jira ---
[INFO] Generating /root/workspace/jenkinsci/jira-plugin/447254351/target/test-classes/the.hpl
[INFO] 
[INFO] --- maven-hpi-plugin:2.2:resolve-test-dependencies (default-resolve-test-dependencies) @ jira ---
[INFO] 
[INFO] --- gmaven-plugin:1.5-jenkins-3:testCompile (test-in-groovy) @ jira ---
[INFO] Compiled 4 Groovy classes
[INFO] 
[INFO] --- gmaven-plugin:1.5-jenkins-3:testCompile (default) @ jira ---
[INFO] Compiled 4 Groovy classes
[INFO] 
[INFO] --- maven-surefire-plugin:2.20:test (default-test) @ jira ---
[INFO] Downloading: https://packages.atlassian.com/maven/repository/public/org/apache/maven/surefire/surefire-junit4/2.20/surefire-junit4-2.20.pom
[INFO] Downloaded: https://packages.atlassian.com/maven/repository/public/org/apache/maven/surefire/surefire-junit4/2.20/surefire-junit4-2.20.pom (4 KB at 4.4 KB/sec)
[INFO] Downloading: https://packages.atlassian.com/maven/repository/public/org/apache/maven/surefire/surefire-providers/2.20/surefire-providers-2.20.pom
[INFO] Downloaded: https://packages.atlassian.com/maven/repository/public/org/apache/maven/surefire/surefire-providers/2.20/surefire-providers-2.20.pom (3 KB at 13.0 KB/sec)
[INFO] Downloading: https://packages.atlassian.com/maven/repository/public/org/apache/maven/surefire/surefire-junit4/2.20/surefire-junit4-2.20.jar
[INFO] Downloaded: https://packages.atlassian.com/maven/repository/public/org/apache/maven/surefire/surefire-junit4/2.20/surefire-junit4-2.20.jar (81 KB at 156.1 KB/sec)
[INFO] 
[INFO] -------------------------------------------------------
[INFO]  T E S T S
[INFO] -------------------------------------------------------
[INFO] Running InjectedTest
[INFO] Tests run: 44, Failures: 0, Errors: 0, Skipped: 0, Time elapsed: 27.718 s - in InjectedTest
[INFO] Running com.atlassian.httpclient.apache.httpcomponents.ApacheAsyncHttpClientTest
[INFO] Tests run: 5, Failures: 0, Errors: 0, Skipped: 0, Time elapsed: 11.127 s - in com.atlassian.httpclient.apache.httpcomponents.ApacheAsyncHttpClientTest
[INFO] Running hudson.plugins.jira.ChangingWorkflowTest
[INFO] Tests run: 8, Failures: 0, Errors: 0, Skipped: 0, Time elapsed: 0.824 s - in hudson.plugins.jira.ChangingWorkflowTest
[INFO] Running hudson.plugins.jira.CliParameterTest
[INFO] Tests run: 2, Failures: 0, Errors: 0, Skipped: 0, Time elapsed: 3.713 s - in hudson.plugins.jira.CliParameterTest
[INFO] Running hudson.plugins.jira.ConfigAsCodeTest
[INFO] Tests run: 1, Failures: 0, Errors: 0, Skipped: 0, Time elapsed: 3.227 s - in hudson.plugins.jira.ConfigAsCodeTest
[INFO] Running hudson.plugins.jira.CredentialsHelperTest
[INFO] Tests run: 4, Failures: 0, Errors: 0, Skipped: 0, Time elapsed: 7.159 s - in hudson.plugins.jira.CredentialsHelperTest
[INFO] Running hudson.plugins.jira.DescriptorImpl2Test
[INFO] Tests run: 2, Failures: 0, Errors: 0, Skipped: 0, Time elapsed: 3.463 s - in hudson.plugins.jira.DescriptorImpl2Test
[INFO] Running hudson.plugins.jira.DescriptorImplTest
[INFO] Tests run: 2, Failures: 0, Errors: 0, Skipped: 0, Time elapsed: 7.509 s - in hudson.plugins.jira.DescriptorImplTest
[INFO] Running hudson.plugins.jira.EmptyFriendlyURLConverterTest
[INFO] Tests run: 6, Failures: 0, Errors: 0, Skipped: 0, Time elapsed: 1.652 s - in hudson.plugins.jira.EmptyFriendlyURLConverterTest
[INFO] Running hudson.plugins.jira.IssueFieldUpdateStepTest
[INFO] Tests run: 3, Failures: 0, Errors: 0, Skipped: 0, Time elapsed: 0.267 s - in hudson.plugins.jira.IssueFieldUpdateStepTest
[INFO] Running hudson.plugins.jira.JiraBuildActionTest
[INFO] Tests run: 1, Failures: 0, Errors: 0, Skipped: 0, Time elapsed: 0.14 s - in hudson.plugins.jira.JiraBuildActionTest
[INFO] Running hudson.plugins.jira.JiraChangeLogAnnotatorTest
[INFO] Tests run: 11, Failures: 0, Errors: 0, Skipped: 0, Time elapsed: 0.133 s - in hudson.plugins.jira.JiraChangeLogAnnotatorTest
[INFO] Running hudson.plugins.jira.JiraCreateIssueNotifierTest
[INFO] Tests run: 4, Failures: 0, Errors: 0, Skipped: 0, Time elapsed: 0.098 s - in hudson.plugins.jira.JiraCreateIssueNotifierTest
[INFO] Running hudson.plugins.jira.JiraCreateReleaseNotesTest
[INFO] Tests run: 6, Failures: 0, Errors: 0, Skipped: 0, Time elapsed: 0.097 s - in hudson.plugins.jira.JiraCreateReleaseNotesTest
[INFO] Running hudson.plugins.jira.JiraEnvironmentContributingActionTest
[INFO] Tests run: 2, Failures: 0, Errors: 0, Skipped: 0, Time elapsed: 0.008 s - in hudson.plugins.jira.JiraEnvironmentContributingActionTest
[INFO] Running hudson.plugins.jira.JiraEnvironmentVariableBuilderTest
[INFO] Tests run: 4, Failures: 0, Errors: 0, Skipped: 0, Time elapsed: 0.038 s - in hudson.plugins.jira.JiraEnvironmentVariableBuilderTest
[INFO] Running hudson.plugins.jira.JiraFolderPropertyTest
[INFO] Tests run: 1, Failures: 0, Errors: 0, Skipped: 0, Time elapsed: 40.515 s - in hudson.plugins.jira.JiraFolderPropertyTest
[INFO] Running hudson.plugins.jira.JiraGlobalConfigurationTest
[INFO] Tests run: 2, Failures: 0, Errors: 0, Skipped: 0, Time elapsed: 4.15 s - in hudson.plugins.jira.JiraGlobalConfigurationTest
[INFO] Running hudson.plugins.jira.JiraIssueMigratorTest
[INFO] Tests run: 3, Failures: 0, Errors: 0, Skipped: 0, Time elapsed: 0.045 s - in hudson.plugins.jira.JiraIssueMigratorTest
[INFO] Running hudson.plugins.jira.JiraIssueUpdateBuilderTest
[INFO] Tests run: 4, Failures: 0, Errors: 0, Skipped: 0, Time elapsed: 0.049 s - in hudson.plugins.jira.JiraIssueUpdateBuilderTest
[INFO] Running hudson.plugins.jira.JiraIssueUpdaterTest
[INFO] Tests run: 4, Failures: 0, Errors: 0, Skipped: 0, Time elapsed: 0.001 s - in hudson.plugins.jira.JiraIssueUpdaterTest
[INFO] Running hudson.plugins.jira.JiraJobActionTest
[INFO] Tests run: 4, Failures: 0, Errors: 0, Skipped: 0, Time elapsed: 0.122 s - in hudson.plugins.jira.JiraJobActionTest
[INFO] Running hudson.plugins.jira.JiraProjectPropertyTest
[ERROR] Tests run: 16, Failures: 10, Errors: 0, Skipped: 0, Time elapsed: 328.935 s <<< FAILURE! - in hudson.plugins.jira.JiraProjectPropertyTest
[ERROR] testChooseWithFolder(hudson.plugins.jira.JiraProjectPropertyTest)  Time elapsed: 2.761 s  <<< FAILURE!
java.lang.AssertionError
	at org.junit.Assert.fail(Assert.java:86)
	at org.junit.Assert.assertTrue(Assert.java:41)
	at org.junit.Assert.assertNotNull(Assert.java:712)
	at org.junit.Assert.assertNotNull(Assert.java:722)
	at hudson.plugins.jira.JiraProjectPropertyTest.testProperty(JiraProjectPropertyTest.java:122)
	at hudson.plugins.jira.JiraProjectPropertyTest.testProperty(JiraProjectPropertyTest.java:106)
	at hudson.plugins.jira.JiraProjectPropertyTest.testChooseWithFolder(JiraProjectPropertyTest.java:92)
	at sun.reflect.NativeMethodAccessorImpl.invoke0(Native Method)
	at sun.reflect.NativeMethodAccessorImpl.invoke(NativeMethodAccessorImpl.java:62)
	at sun.reflect.DelegatingMethodAccessorImpl.invoke(DelegatingMethodAccessorImpl.java:43)
	at java.lang.reflect.Method.invoke(Method.java:498)
	at org.junit.runners.model.FrameworkMethod$1.runReflectiveCall(FrameworkMethod.java:50)
	at org.junit.internal.runners.model.ReflectiveCallable.run(ReflectiveCallable.java:12)
	at org.junit.runners.model.FrameworkMethod.invokeExplosively(FrameworkMethod.java:47)
	at org.junit.internal.runners.statements.InvokeMethod.evaluate(InvokeMethod.java:17)
	at org.junit.internal.runners.statements.RunBefores.evaluate(RunBefores.java:26)
	at org.jvnet.hudson.test.JenkinsRule$1.evaluate(JenkinsRule.java:548)
	at org.junit.internal.runners.statements.FailOnTimeout$CallableStatement.call(FailOnTimeout.java:298)
	at org.junit.internal.runners.statements.FailOnTimeout$CallableStatement.call(FailOnTimeout.java:292)
	at java.util.concurrent.FutureTask.run(FutureTask.java:266)
	at java.lang.Thread.run(Thread.java:745)

[ERROR] configRoundtripWithNestedFolder(hudson.plugins.jira.JiraProjectPropertyTest)  Time elapsed: 59.472 s  <<< FAILURE!
org.junit.ComparisonFailure: expected:<https://[first].com/> but was:<https://[jira].com/>
	at org.junit.Assert.assertEquals(Assert.java:115)
	at org.junit.Assert.assertEquals(Assert.java:144)
	at hudson.plugins.jira.JiraProjectPropertyTest.testProperty(JiraProjectPropertyTest.java:126)
	at hudson.plugins.jira.JiraProjectPropertyTest.configRoundtripWithNestedFolder(JiraProjectPropertyTest.java:102)
	at sun.reflect.NativeMethodAccessorImpl.invoke0(Native Method)
	at sun.reflect.NativeMethodAccessorImpl.invoke(NativeMethodAccessorImpl.java:62)
	at sun.reflect.DelegatingMethodAccessorImpl.invoke(DelegatingMethodAccessorImpl.java:43)
	at java.lang.reflect.Method.invoke(Method.java:498)
	at org.junit.runners.model.FrameworkMethod$1.runReflectiveCall(FrameworkMethod.java:50)
	at org.junit.internal.runners.model.ReflectiveCallable.run(ReflectiveCallable.java:12)
	at org.junit.runners.model.FrameworkMethod.invokeExplosively(FrameworkMethod.java:47)
	at org.junit.internal.runners.statements.InvokeMethod.evaluate(InvokeMethod.java:17)
	at org.junit.internal.runners.statements.RunBefores.evaluate(RunBefores.java:26)
	at org.jvnet.hudson.test.JenkinsRule$1.evaluate(JenkinsRule.java:548)
	at org.junit.internal.runners.statements.FailOnTimeout$CallableStatement.call(FailOnTimeout.java:298)
	at org.junit.internal.runners.statements.FailOnTimeout$CallableStatement.call(FailOnTimeout.java:292)
	at java.util.concurrent.FutureTask.run(FutureTask.java:266)
	at java.lang.Thread.run(Thread.java:745)

[ERROR] testChooseWithFolder(hudson.plugins.jira.JiraProjectPropertyTest)  Time elapsed: 2.811 s  <<< FAILURE!
java.lang.AssertionError
	at org.junit.Assert.fail(Assert.java:86)
	at org.junit.Assert.assertTrue(Assert.java:41)
	at org.junit.Assert.assertNotNull(Assert.java:712)
	at org.junit.Assert.assertNotNull(Assert.java:722)
	at hudson.plugins.jira.JiraProjectPropertyTest.testProperty(JiraProjectPropertyTest.java:122)
	at hudson.plugins.jira.JiraProjectPropertyTest.testProperty(JiraProjectPropertyTest.java:106)
	at hudson.plugins.jira.JiraProjectPropertyTest.testChooseWithFolder(JiraProjectPropertyTest.java:92)
	at sun.reflect.NativeMethodAccessorImpl.invoke0(Native Method)
	at sun.reflect.NativeMethodAccessorImpl.invoke(NativeMethodAccessorImpl.java:62)
	at sun.reflect.DelegatingMethodAccessorImpl.invoke(DelegatingMethodAccessorImpl.java:43)
	at java.lang.reflect.Method.invoke(Method.java:498)
	at org.junit.runners.model.FrameworkMethod$1.runReflectiveCall(FrameworkMethod.java:50)
	at org.junit.internal.runners.model.ReflectiveCallable.run(ReflectiveCallable.java:12)
	at org.junit.runners.model.FrameworkMethod.invokeExplosively(FrameworkMethod.java:47)
	at org.junit.internal.runners.statements.InvokeMethod.evaluate(InvokeMethod.java:17)
	at org.junit.internal.runners.statements.RunBefores.evaluate(RunBefores.java:26)
	at org.jvnet.hudson.test.JenkinsRule$1.evaluate(JenkinsRule.java:548)
	at org.junit.internal.runners.statements.FailOnTimeout$CallableStatement.call(FailOnTimeout.java:298)
	at org.junit.internal.runners.statements.FailOnTimeout$CallableStatement.call(FailOnTimeout.java:292)
	at java.util.concurrent.FutureTask.run(FutureTask.java:266)
	at java.lang.Thread.run(Thread.java:745)

[ERROR] configRoundtripWithNestedFolder(hudson.plugins.jira.JiraProjectPropertyTest)  Time elapsed: 61.6 s  <<< FAILURE!
org.junit.ComparisonFailure: expected:<https://[first].com/> but was:<https://[jira].com/>
	at org.junit.Assert.assertEquals(Assert.java:115)
	at org.junit.Assert.assertEquals(Assert.java:144)
	at hudson.plugins.jira.JiraProjectPropertyTest.testProperty(JiraProjectPropertyTest.java:126)
	at hudson.plugins.jira.JiraProjectPropertyTest.configRoundtripWithNestedFolder(JiraProjectPropertyTest.java:102)
	at sun.reflect.NativeMethodAccessorImpl.invoke0(Native Method)
	at sun.reflect.NativeMethodAccessorImpl.invoke(NativeMethodAccessorImpl.java:62)
	at sun.reflect.DelegatingMethodAccessorImpl.invoke(DelegatingMethodAccessorImpl.java:43)
	at java.lang.reflect.Method.invoke(Method.java:498)
	at org.junit.runners.model.FrameworkMethod$1.runReflectiveCall(FrameworkMethod.java:50)
	at org.junit.internal.runners.model.ReflectiveCallable.run(ReflectiveCallable.java:12)
	at org.junit.runners.model.FrameworkMethod.invokeExplosively(FrameworkMethod.java:47)
	at org.junit.internal.runners.statements.InvokeMethod.evaluate(InvokeMethod.java:17)
	at org.junit.internal.runners.statements.RunBefores.evaluate(RunBefores.java:26)
	at org.jvnet.hudson.test.JenkinsRule$1.evaluate(JenkinsRule.java:548)
	at org.junit.internal.runners.statements.FailOnTimeout$CallableStatement.call(FailOnTimeout.java:298)
	at org.junit.internal.runners.statements.FailOnTimeout$CallableStatement.call(FailOnTimeout.java:292)
	at java.util.concurrent.FutureTask.run(FutureTask.java:266)
	at java.lang.Thread.run(Thread.java:745)

[ERROR] testChooseWithFolder(hudson.plugins.jira.JiraProjectPropertyTest)  Time elapsed: 3.019 s  <<< FAILURE!
java.lang.AssertionError
	at org.junit.Assert.fail(Assert.java:86)
	at org.junit.Assert.assertTrue(Assert.java:41)
	at org.junit.Assert.assertNotNull(Assert.java:712)
	at org.junit.Assert.assertNotNull(Assert.java:722)
	at hudson.plugins.jira.JiraProjectPropertyTest.testProperty(JiraProjectPropertyTest.java:122)
	at hudson.plugins.jira.JiraProjectPropertyTest.testProperty(JiraProjectPropertyTest.java:106)
	at hudson.plugins.jira.JiraProjectPropertyTest.testChooseWithFolder(JiraProjectPropertyTest.java:92)
	at sun.reflect.NativeMethodAccessorImpl.invoke0(Native Method)
	at sun.reflect.NativeMethodAccessorImpl.invoke(NativeMethodAccessorImpl.java:62)
	at sun.reflect.DelegatingMethodAccessorImpl.invoke(DelegatingMethodAccessorImpl.java:43)
	at java.lang.reflect.Method.invoke(Method.java:498)
	at org.junit.runners.model.FrameworkMethod$1.runReflectiveCall(FrameworkMethod.java:50)
	at org.junit.internal.runners.model.ReflectiveCallable.run(ReflectiveCallable.java:12)
	at org.junit.runners.model.FrameworkMethod.invokeExplosively(FrameworkMethod.java:47)
	at org.junit.internal.runners.statements.InvokeMethod.evaluate(InvokeMethod.java:17)
	at org.junit.internal.runners.statements.RunBefores.evaluate(RunBefores.java:26)
	at org.jvnet.hudson.test.JenkinsRule$1.evaluate(JenkinsRule.java:548)
	at org.junit.internal.runners.statements.FailOnTimeout$CallableStatement.call(FailOnTimeout.java:298)
	at org.junit.internal.runners.statements.FailOnTimeout$CallableStatement.call(FailOnTimeout.java:292)
	at java.util.concurrent.FutureTask.run(FutureTask.java:266)
	at java.lang.Thread.run(Thread.java:745)

[ERROR] configRoundtripWithNestedFolder(hudson.plugins.jira.JiraProjectPropertyTest)  Time elapsed: 58.135 s  <<< FAILURE!
org.junit.ComparisonFailure: expected:<https://[first].com/> but was:<https://[jira].com/>
	at org.junit.Assert.assertEquals(Assert.java:115)
	at org.junit.Assert.assertEquals(Assert.java:144)
	at hudson.plugins.jira.JiraProjectPropertyTest.testProperty(JiraProjectPropertyTest.java:126)
	at hudson.plugins.jira.JiraProjectPropertyTest.configRoundtripWithNestedFolder(JiraProjectPropertyTest.java:102)
	at sun.reflect.NativeMethodAccessorImpl.invoke0(Native Method)
	at sun.reflect.NativeMethodAccessorImpl.invoke(NativeMethodAccessorImpl.java:62)
	at sun.reflect.DelegatingMethodAccessorImpl.invoke(DelegatingMethodAccessorImpl.java:43)
	at java.lang.reflect.Method.invoke(Method.java:498)
	at org.junit.runners.model.FrameworkMethod$1.runReflectiveCall(FrameworkMethod.java:50)
	at org.junit.internal.runners.model.ReflectiveCallable.run(ReflectiveCallable.java:12)
	at org.junit.runners.model.FrameworkMethod.invokeExplosively(FrameworkMethod.java:47)
	at org.junit.internal.runners.statements.InvokeMethod.evaluate(InvokeMethod.java:17)
	at org.junit.internal.runners.statements.RunBefores.evaluate(RunBefores.java:26)
	at org.jvnet.hudson.test.JenkinsRule$1.evaluate(JenkinsRule.java:548)
	at org.junit.internal.runners.statements.FailOnTimeout$CallableStatement.call(FailOnTimeout.java:298)
	at org.junit.internal.runners.statements.FailOnTimeout$CallableStatement.call(FailOnTimeout.java:292)
	at java.util.concurrent.FutureTask.run(FutureTask.java:266)
	at java.lang.Thread.run(Thread.java:745)

[ERROR] testChooseWithFolder(hudson.plugins.jira.JiraProjectPropertyTest)  Time elapsed: 2.57 s  <<< FAILURE!
java.lang.AssertionError
	at org.junit.Assert.fail(Assert.java:86)
	at org.junit.Assert.assertTrue(Assert.java:41)
	at org.junit.Assert.assertNotNull(Assert.java:712)
	at org.junit.Assert.assertNotNull(Assert.java:722)
	at hudson.plugins.jira.JiraProjectPropertyTest.testProperty(JiraProjectPropertyTest.java:122)
	at hudson.plugins.jira.JiraProjectPropertyTest.testProperty(JiraProjectPropertyTest.java:106)
	at hudson.plugins.jira.JiraProjectPropertyTest.testChooseWithFolder(JiraProjectPropertyTest.java:92)
	at sun.reflect.NativeMethodAccessorImpl.invoke0(Native Method)
	at sun.reflect.NativeMethodAccessorImpl.invoke(NativeMethodAccessorImpl.java:62)
	at sun.reflect.DelegatingMethodAccessorImpl.invoke(DelegatingMethodAccessorImpl.java:43)
	at java.lang.reflect.Method.invoke(Method.java:498)
	at org.junit.runners.model.FrameworkMethod$1.runReflectiveCall(FrameworkMethod.java:50)
	at org.junit.internal.runners.model.ReflectiveCallable.run(ReflectiveCallable.java:12)
	at org.junit.runners.model.FrameworkMethod.invokeExplosively(FrameworkMethod.java:47)
	at org.junit.internal.runners.statements.InvokeMethod.evaluate(InvokeMethod.java:17)
	at org.junit.internal.runners.statements.RunBefores.evaluate(RunBefores.java:26)
	at org.jvnet.hudson.test.JenkinsRule$1.evaluate(JenkinsRule.java:548)
	at org.junit.internal.runners.statements.FailOnTimeout$CallableStatement.call(FailOnTimeout.java:298)
	at org.junit.internal.runners.statements.FailOnTimeout$CallableStatement.call(FailOnTimeout.java:292)
	at java.util.concurrent.FutureTask.run(FutureTask.java:266)
	at java.lang.Thread.run(Thread.java:745)

[ERROR] configRoundtripWithNestedFolder(hudson.plugins.jira.JiraProjectPropertyTest)  Time elapsed: 59.326 s  <<< FAILURE!
org.junit.ComparisonFailure: expected:<https://[first].com/> but was:<https://[jira].com/>
	at org.junit.Assert.assertEquals(Assert.java:115)
	at org.junit.Assert.assertEquals(Assert.java:144)
	at hudson.plugins.jira.JiraProjectPropertyTest.testProperty(JiraProjectPropertyTest.java:126)
	at hudson.plugins.jira.JiraProjectPropertyTest.configRoundtripWithNestedFolder(JiraProjectPropertyTest.java:102)
	at sun.reflect.NativeMethodAccessorImpl.invoke0(Native Method)
	at sun.reflect.NativeMethodAccessorImpl.invoke(NativeMethodAccessorImpl.java:62)
	at sun.reflect.DelegatingMethodAccessorImpl.invoke(DelegatingMethodAccessorImpl.java:43)
	at java.lang.reflect.Method.invoke(Method.java:498)
	at org.junit.runners.model.FrameworkMethod$1.runReflectiveCall(FrameworkMethod.java:50)
	at org.junit.internal.runners.model.ReflectiveCallable.run(ReflectiveCallable.java:12)
	at org.junit.runners.model.FrameworkMethod.invokeExplosively(FrameworkMethod.java:47)
	at org.junit.internal.runners.statements.InvokeMethod.evaluate(InvokeMethod.java:17)
	at org.junit.internal.runners.statements.RunBefores.evaluate(RunBefores.java:26)
	at org.jvnet.hudson.test.JenkinsRule$1.evaluate(JenkinsRule.java:548)
	at org.junit.internal.runners.statements.FailOnTimeout$CallableStatement.call(FailOnTimeout.java:298)
	at org.junit.internal.runners.statements.FailOnTimeout$CallableStatement.call(FailOnTimeout.java:292)
	at java.util.concurrent.FutureTask.run(FutureTask.java:266)
	at java.lang.Thread.run(Thread.java:745)

[ERROR] configRoundtripWithNestedFolder(hudson.plugins.jira.JiraProjectPropertyTest)  Time elapsed: 59.799 s  <<< FAILURE!
org.junit.ComparisonFailure: expected:<https://[first].com/> but was:<https://[jira].com/>
	at org.junit.Assert.assertEquals(Assert.java:115)
	at org.junit.Assert.assertEquals(Assert.java:144)
	at hudson.plugins.jira.JiraProjectPropertyTest.testProperty(JiraProjectPropertyTest.java:126)
	at hudson.plugins.jira.JiraProjectPropertyTest.configRoundtripWithNestedFolder(JiraProjectPropertyTest.java:102)
	at sun.reflect.NativeMethodAccessorImpl.invoke0(Native Method)
	at sun.reflect.NativeMethodAccessorImpl.invoke(NativeMethodAccessorImpl.java:62)
	at sun.reflect.DelegatingMethodAccessorImpl.invoke(DelegatingMethodAccessorImpl.java:43)
	at java.lang.reflect.Method.invoke(Method.java:498)
	at org.junit.runners.model.FrameworkMethod$1.runReflectiveCall(FrameworkMethod.java:50)
	at org.junit.internal.runners.model.ReflectiveCallable.run(ReflectiveCallable.java:12)
	at org.junit.runners.model.FrameworkMethod.invokeExplosively(FrameworkMethod.java:47)
	at org.junit.internal.runners.statements.InvokeMethod.evaluate(InvokeMethod.java:17)
	at org.junit.internal.runners.statements.RunBefores.evaluate(RunBefores.java:26)
	at org.jvnet.hudson.test.JenkinsRule$1.evaluate(JenkinsRule.java:548)
	at org.junit.internal.runners.statements.FailOnTimeout$CallableStatement.call(FailOnTimeout.java:298)
	at org.junit.internal.runners.statements.FailOnTimeout$CallableStatement.call(FailOnTimeout.java:292)
	at java.util.concurrent.FutureTask.run(FutureTask.java:266)
	at java.lang.Thread.run(Thread.java:745)

[ERROR] testChooseWithFolder(hudson.plugins.jira.JiraProjectPropertyTest)  Time elapsed: 2.611 s  <<< FAILURE!
java.lang.AssertionError
	at org.junit.Assert.fail(Assert.java:86)
	at org.junit.Assert.assertTrue(Assert.java:41)
	at org.junit.Assert.assertNotNull(Assert.java:712)
	at org.junit.Assert.assertNotNull(Assert.java:722)
	at hudson.plugins.jira.JiraProjectPropertyTest.testProperty(JiraProjectPropertyTest.java:122)
	at hudson.plugins.jira.JiraProjectPropertyTest.testProperty(JiraProjectPropertyTest.java:106)
	at hudson.plugins.jira.JiraProjectPropertyTest.testChooseWithFolder(JiraProjectPropertyTest.java:92)
	at sun.reflect.NativeMethodAccessorImpl.invoke0(Native Method)
	at sun.reflect.NativeMethodAccessorImpl.invoke(NativeMethodAccessorImpl.java:62)
	at sun.reflect.DelegatingMethodAccessorImpl.invoke(DelegatingMethodAccessorImpl.java:43)
	at java.lang.reflect.Method.invoke(Method.java:498)
	at org.junit.runners.model.FrameworkMethod$1.runReflectiveCall(FrameworkMethod.java:50)
	at org.junit.internal.runners.model.ReflectiveCallable.run(ReflectiveCallable.java:12)
	at org.junit.runners.model.FrameworkMethod.invokeExplosively(FrameworkMethod.java:47)
	at org.junit.internal.runners.statements.InvokeMethod.evaluate(InvokeMethod.java:17)
	at org.junit.internal.runners.statements.RunBefores.evaluate(RunBefores.java:26)
	at org.jvnet.hudson.test.JenkinsRule$1.evaluate(JenkinsRule.java:548)
	at org.junit.internal.runners.statements.FailOnTimeout$CallableStatement.call(FailOnTimeout.java:298)
	at org.junit.internal.runners.statements.FailOnTimeout$CallableStatement.call(FailOnTimeout.java:292)
	at java.util.concurrent.FutureTask.run(FutureTask.java:266)
	at java.lang.Thread.run(Thread.java:745)

[INFO] Running hudson.plugins.jira.JiraReplaceFixVersionByRegExTest
[INFO] Tests run: 1, Failures: 0, Errors: 0, Skipped: 0, Time elapsed: 0 s - in hudson.plugins.jira.JiraReplaceFixVersionByRegExTest
[INFO] Running hudson.plugins.jira.JiraRestServiceTest
[INFO] Tests run: 2, Failures: 0, Errors: 0, Skipped: 0, Time elapsed: 0.001 s - in hudson.plugins.jira.JiraRestServiceTest
[INFO] Running hudson.plugins.jira.JiraSite2Test
[INFO] Tests run: 5, Failures: 0, Errors: 0, Skipped: 0, Time elapsed: 19.732 s - in hudson.plugins.jira.JiraSite2Test
[INFO] Running hudson.plugins.jira.JiraSiteSecurity1029Test
[INFO] Tests run: 1, Failures: 0, Errors: 0, Skipped: 0, Time elapsed: 8.655 s - in hudson.plugins.jira.JiraSiteSecurity1029Test
[INFO] Running hudson.plugins.jira.JiraSiteTest
[INFO] Tests run: 2, Failures: 0, Errors: 0, Skipped: 0, Time elapsed: 6.17 s - in hudson.plugins.jira.JiraSiteTest
[INFO] Running hudson.plugins.jira.MailResolverTest
[INFO] Tests run: 1, Failures: 0, Errors: 0, Skipped: 0, Time elapsed: 2.453 s - in hudson.plugins.jira.MailResolverTest
[INFO] Running hudson.plugins.jira.UnmaskMailTest
[INFO] Tests run: 1, Failures: 0, Errors: 0, Skipped: 0, Time elapsed: 0 s - in hudson.plugins.jira.UnmaskMailTest
[INFO] Running hudson.plugins.jira.UpdaterTest
[INFO] Tests run: 10, Failures: 0, Errors: 0, Skipped: 0, Time elapsed: 8.462 s - in hudson.plugins.jira.UpdaterTest
[INFO] Running hudson.plugins.jira.VersionComparatorTest
[INFO] Tests run: 3, Failures: 0, Errors: 0, Skipped: 0, Time elapsed: 0.18 s - in hudson.plugins.jira.VersionComparatorTest
[INFO] Running hudson.plugins.jira.VersionCreatorTest
[INFO] Tests run: 3, Failures: 0, Errors: 0, Skipped: 0, Time elapsed: 0.157 s - in hudson.plugins.jira.VersionCreatorTest
[INFO] Running hudson.plugins.jira.VersionReleaserTest
[INFO] Tests run: 3, Failures: 0, Errors: 0, Skipped: 0, Time elapsed: 0.05 s - in hudson.plugins.jira.VersionReleaserTest
[INFO] Running hudson.plugins.jira.pipeline.CommentStepTest
[INFO] Tests run: 2, Failures: 0, Errors: 0, Skipped: 0, Time elapsed: 32.056 s - in hudson.plugins.jira.pipeline.CommentStepTest
[INFO] Running hudson.plugins.jira.pipeline.SearchIssuesStepTest
[INFO] Tests run: 2, Failures: 0, Errors: 0, Skipped: 0, Time elapsed: 56.934 s - in hudson.plugins.jira.pipeline.SearchIssuesStepTest
[INFO] Running hudson.plugins.jira.selector.DefaultIssueSelectorTest
[INFO] Tests run: 6, Failures: 0, Errors: 0, Skipped: 0, Time elapsed: 0.047 s - in hudson.plugins.jira.selector.DefaultIssueSelectorTest
[INFO] Running hudson.plugins.jira.selector.ExplicitIssueSelectorTest
[INFO] Tests run: 1, Failures: 0, Errors: 0, Skipped: 0, Time elapsed: 0 s - in hudson.plugins.jira.selector.ExplicitIssueSelectorTest
[INFO] Running hudson.plugins.jira.selector.JqlIssueSelectorTest
[INFO] Tests run: 2, Failures: 0, Errors: 0, Skipped: 0, Time elapsed: 0.003 s - in hudson.plugins.jira.selector.JqlIssueSelectorTest
[INFO] Running hudson.plugins.jira.selector.perforce.P4JobIssueSelectorTest
[INFO] Tests run: 3, Failures: 0, Errors: 0, Skipped: 0, Time elapsed: 0.04 s - in hudson.plugins.jira.selector.perforce.P4JobIssueSelectorTest
[INFO] Running hudson.plugins.jira.versionparameter.JiraVersionParameterDefinitionTest
[INFO] Tests run: 1, Failures: 0, Errors: 0, Skipped: 0, Time elapsed: 0.007 s - in hudson.plugins.jira.versionparameter.JiraVersionParameterDefinitionTest
[INFO] 
[INFO] Results:
[INFO] 
[ERROR] Failures: 
[ERROR] hudson.plugins.jira.JiraProjectPropertyTest.configRoundtripWithNestedFolder(hudson.plugins.jira.JiraProjectPropertyTest)
[ERROR]   Run 1: JiraProjectPropertyTest.configRoundtripWithNestedFolder:102->testProperty:126 expected:<https://[first].com/> but was:<https://[jira].com/>
[ERROR]   Run 2: JiraProjectPropertyTest.configRoundtripWithNestedFolder:102->testProperty:126 expected:<https://[first].com/> but was:<https://[jira].com/>
[ERROR]   Run 3: JiraProjectPropertyTest.configRoundtripWithNestedFolder:102->testProperty:126 expected:<https://[first].com/> but was:<https://[jira].com/>
[ERROR]   Run 4: JiraProjectPropertyTest.configRoundtripWithNestedFolder:102->testProperty:126 expected:<https://[first].com/> but was:<https://[jira].com/>
[ERROR]   Run 5: JiraProjectPropertyTest.configRoundtripWithNestedFolder:102->testProperty:126 expected:<https://[first].com/> but was:<https://[jira].com/>
[INFO] 
[ERROR] hudson.plugins.jira.JiraProjectPropertyTest.testChooseWithFolder(hudson.plugins.jira.JiraProjectPropertyTest)
[ERROR]   Run 1: JiraProjectPropertyTest.testChooseWithFolder:92->testProperty:106->testProperty:122
[ERROR]   Run 2: JiraProjectPropertyTest.testChooseWithFolder:92->testProperty:106->testProperty:122
[ERROR]   Run 3: JiraProjectPropertyTest.testChooseWithFolder:92->testProperty:106->testProperty:122
[ERROR]   Run 4: JiraProjectPropertyTest.testChooseWithFolder:92->testProperty:106->testProperty:122
[ERROR]   Run 5: JiraProjectPropertyTest.testChooseWithFolder:92->testProperty:106->testProperty:122
[INFO] 
[INFO] 
[ERROR] Tests run: 180, Failures: 2, Errors: 0, Skipped: 0
[INFO] 
[INFO] ------------------------------------------------------------------------
[INFO] BUILD FAILURE
[INFO] ------------------------------------------------------------------------
[INFO] Total time: 10:06 min
[INFO] Finished at: 2018-10-28T04:06:42+01:00
[INFO] Final Memory: 83M/1913M
[INFO] ------------------------------------------------------------------------
[ERROR] Failed to execute goal org.apache.maven.plugins:maven-surefire-plugin:2.20:test (default-test) on project jira: There are test failures.
[ERROR] 
[ERROR] Please refer to /root/workspace/jenkinsci/jira-plugin/447254351/target/surefire-reports for the individual test results.
[ERROR] Please refer to dump files (if any exist) [date]-jvmRun[N].dump, [date].dumpstream and [date]-jvmRun[N].dumpstream.
[ERROR] -> [Help 1]
[ERROR] 
[ERROR] To see the full stack trace of the errors, re-run Maven with the -e switch.
[ERROR] Re-run Maven using the -X switch to enable full debug logging.
[ERROR] 
[ERROR] For more information about the errors and possible solutions, please read the following articles:
[ERROR] [Help 1] http://cwiki.apache.org/confluence/display/MAVEN/MojoFailureException
