-------------------------------------------------------------------------------
Test set: com.codingchili.TestParser
-------------------------------------------------------------------------------
Tests run: 8, Failures: 0, Errors: 2, Skipped: 1, Time elapsed: 1.603 sec <<< FAILURE!
testParseBig(com.codingchili.TestParser)  Time elapsed: 0.012 sec  <<< ERROR!
com.codingchili.Model.ColumnsHeadersMismatchException: Encountered values (1) on row 1, expected to match headers (0).
	at com.codingchili.Model.CSVParser.process(CSVParser.java:143)
	at com.codingchili.Model.CSVParser.readRow(CSVParser.java:204)
	at com.codingchili.Model.CSVParser.initialize(CSVParser.java:101)
	at com.codingchili.TestParser.testParseFile(TestParser.java:124)
	at com.codingchili.TestParser.testParseBig(TestParser.java:71)
	at sun.reflect.NativeMethodAccessorImpl.invoke0(Native Method)
	at sun.reflect.NativeMethodAccessorImpl.invoke(NativeMethodAccessorImpl.java:62)
	at sun.reflect.DelegatingMethodAccessorImpl.invoke(DelegatingMethodAccessorImpl.java:43)
	at java.lang.reflect.Method.invoke(Method.java:498)
	at io.vertx.ext.unit.junit.VertxUnitRunner.invokeTestMethod(VertxUnitRunner.java:95)
	at io.vertx.ext.unit.junit.VertxUnitRunner.lambda$invokeExplosively$0(VertxUnitRunner.java:114)
	at io.vertx.ext.unit.impl.TestContextImpl$Step.run(TestContextImpl.java:128)
	at io.vertx.ext.unit.impl.TestContextImpl$Step.access$200(TestContextImpl.java:30)
	at io.vertx.ext.unit.impl.TestContextImpl.run(TestContextImpl.java:237)
	at io.vertx.ext.unit.junit.VertxUnitRunner.invokeExplosively(VertxUnitRunner.java:130)
	at io.vertx.ext.unit.junit.VertxUnitRunner.access$000(VertxUnitRunner.java:39)
	at io.vertx.ext.unit.junit.VertxUnitRunner$1.evaluate(VertxUnitRunner.java:84)
	at org.junit.runners.ParentRunner.runLeaf(ParentRunner.java:325)
	at org.junit.runners.BlockJUnit4ClassRunner.runChild(BlockJUnit4ClassRunner.java:78)
	at org.junit.runners.BlockJUnit4ClassRunner.runChild(BlockJUnit4ClassRunner.java:57)
	at org.junit.runners.ParentRunner$3.run(ParentRunner.java:290)
	at org.junit.runners.ParentRunner$1.schedule(ParentRunner.java:71)
	at org.junit.runners.ParentRunner.runChildren(ParentRunner.java:288)
	at org.junit.runners.ParentRunner.access$000(ParentRunner.java:58)
	at org.junit.runners.ParentRunner$2.evaluate(ParentRunner.java:268)
	at org.junit.runners.ParentRunner.run(ParentRunner.java:363)
	at org.apache.maven.surefire.junit4.JUnit4Provider.execute(JUnit4Provider.java:252)
	at org.apache.maven.surefire.junit4.JUnit4Provider.executeTestSet(JUnit4Provider.java:141)
	at org.apache.maven.surefire.junit4.JUnit4Provider.invoke(JUnit4Provider.java:112)
	at sun.reflect.NativeMethodAccessorImpl.invoke0(Native Method)
	at sun.reflect.NativeMethodAccessorImpl.invoke(NativeMethodAccessorImpl.java:62)
	at sun.reflect.DelegatingMethodAccessorImpl.invoke(DelegatingMethodAccessorImpl.java:43)
	at java.lang.reflect.Method.invoke(Method.java:498)
	at org.apache.maven.surefire.util.ReflectionUtils.invokeMethodWithArray(ReflectionUtils.java:189)
	at org.apache.maven.surefire.booter.ProviderFactory$ProviderProxy.invoke(ProviderFactory.java:165)
	at org.apache.maven.surefire.booter.ProviderFactory.invokeProvider(ProviderFactory.java:85)
	at org.apache.maven.surefire.booter.ForkedBooter.runSuitesInProcess(ForkedBooter.java:115)
	at org.apache.maven.surefire.booter.ForkedBooter.main(ForkedBooter.java:75)

testParseCSV(com.codingchili.TestParser)  Time elapsed: 0.001 sec  <<< ERROR!
com.codingchili.Model.ColumnsHeadersMismatchException: Encountered values (1) on row 1, expected to match headers (0).
	at com.codingchili.Model.CSVParser.process(CSVParser.java:143)
	at com.codingchili.Model.CSVParser.readRow(CSVParser.java:204)
	at com.codingchili.Model.CSVParser.initialize(CSVParser.java:101)
	at com.codingchili.TestParser.testParseFile(TestParser.java:124)
	at com.codingchili.TestParser.testParseCSV(TestParser.java:64)
	at sun.reflect.NativeMethodAccessorImpl.invoke0(Native Method)
	at sun.reflect.NativeMethodAccessorImpl.invoke(NativeMethodAccessorImpl.java:62)
	at sun.reflect.DelegatingMethodAccessorImpl.invoke(DelegatingMethodAccessorImpl.java:43)
	at java.lang.reflect.Method.invoke(Method.java:498)
	at io.vertx.ext.unit.junit.VertxUnitRunner.invokeTestMethod(VertxUnitRunner.java:95)
	at io.vertx.ext.unit.junit.VertxUnitRunner.lambda$invokeExplosively$0(VertxUnitRunner.java:114)
	at io.vertx.ext.unit.impl.TestContextImpl$Step.run(TestContextImpl.java:128)
	at io.vertx.ext.unit.impl.TestContextImpl$Step.access$200(TestContextImpl.java:30)
	at io.vertx.ext.unit.impl.TestContextImpl.run(TestContextImpl.java:237)
	at io.vertx.ext.unit.junit.VertxUnitRunner.invokeExplosively(VertxUnitRunner.java:130)
	at io.vertx.ext.unit.junit.VertxUnitRunner.access$000(VertxUnitRunner.java:39)
	at io.vertx.ext.unit.junit.VertxUnitRunner$1.evaluate(VertxUnitRunner.java:84)
	at org.junit.runners.ParentRunner.runLeaf(ParentRunner.java:325)
	at org.junit.runners.BlockJUnit4ClassRunner.runChild(BlockJUnit4ClassRunner.java:78)
	at org.junit.runners.BlockJUnit4ClassRunner.runChild(BlockJUnit4ClassRunner.java:57)
	at org.junit.runners.ParentRunner$3.run(ParentRunner.java:290)
	at org.junit.runners.ParentRunner$1.schedule(ParentRunner.java:71)
	at org.junit.runners.ParentRunner.runChildren(ParentRunner.java:288)
	at org.junit.runners.ParentRunner.access$000(ParentRunner.java:58)
	at org.junit.runners.ParentRunner$2.evaluate(ParentRunner.java:268)
	at org.junit.runners.ParentRunner.run(ParentRunner.java:363)
	at org.apache.maven.surefire.junit4.JUnit4Provider.execute(JUnit4Provider.java:252)
	at org.apache.maven.surefire.junit4.JUnit4Provider.executeTestSet(JUnit4Provider.java:141)
	at org.apache.maven.surefire.junit4.JUnit4Provider.invoke(JUnit4Provider.java:112)
	at sun.reflect.NativeMethodAccessorImpl.invoke0(Native Method)
	at sun.reflect.NativeMethodAccessorImpl.invoke(NativeMethodAccessorImpl.java:62)
	at sun.reflect.DelegatingMethodAccessorImpl.invoke(DelegatingMethodAccessorImpl.java:43)
	at java.lang.reflect.Method.invoke(Method.java:498)
	at org.apache.maven.surefire.util.ReflectionUtils.invokeMethodWithArray(ReflectionUtils.java:189)
	at org.apache.maven.surefire.booter.ProviderFactory$ProviderProxy.invoke(ProviderFactory.java:165)
	at org.apache.maven.surefire.booter.ProviderFactory.invokeProvider(ProviderFactory.java:85)
	at org.apache.maven.surefire.booter.ForkedBooter.runSuitesInProcess(ForkedBooter.java:115)
	at org.apache.maven.surefire.booter.ForkedBooter.main(ForkedBooter.java:75)

